---------- Date: 2016-07-14 21:25:34 ~ IP : 93.76.236.238 ----------
REQUEST URI : /ru/
MOD DETAILS:
   modFile   : /home/candles/qs-ltd.com/ru/vqmod/xml/beop_all_clean_urls.xml
   id        : Clean Urls
   version   : 1.0.8
   vqmver    : 2.1
   author    : Werner van Run - beoptimized.nl

File Name    : catalog/controller/common/seo_url.php(0)
VQModObject::applyMod - SEARCH NOT FOUND (ABORTING MOD): $parts = explode('/', $this->request->get['_route_']);
MOD DETAILS:
   modFile   : /home/candles/qs-ltd.com/ru/vqmod/xml/sub_sub_category.xml
   id        : 
   version   : 
   vqmver    : 
   author    : 

File Name    : catalog/controller/common/header.php(0)
VQModObject::applyMod - SEARCH NOT FOUND (ABORTING MOD): 'name'  => $child['name'] . ' (' . $product_total . ')',
----------------------------------------------------------------------


---------- Date: 2016-07-14 21:26:06 ~ IP : 93.76.236.238 ----------
REQUEST URI : /ru/
MOD DETAILS:
   modFile   : /home/candles/qs-ltd.com/ru/vqmod/xml/sub_sub_category.xml
   id        : 
   version   : 
   vqmver    : 
   author    : 

File Name    : catalog/controller/common/header.php(0)
VQModObject::applyMod - SEARCH NOT FOUND (ABORTING MOD): 'name'  => $child['name'] . ' (' . $product_total . ')',
----------------------------------------------------------------------


---------- Date: 2016-07-14 21:26:13 ~ IP : 93.76.236.238 ----------
REQUEST URI : /ru/
MOD DETAILS:
   modFile   : /home/candles/qs-ltd.com/ru/vqmod/xml/sub_sub_category.xml
   id        : 
   version   : 
   vqmver    : 
   author    : 

File Name    : catalog/controller/common/header.php(0)
VQModObject::applyMod - SEARCH NOT FOUND (ABORTING MOD): 'name'  => $child['name'] . ' (' . $product_total . ')',
----------------------------------------------------------------------


---------- Date: 2016-07-14 21:29:02 ~ IP : 93.76.236.238 ----------
REQUEST URI : /ru/
MOD DETAILS:
   modFile   : /home/candles/qs-ltd.com/ru/vqmod/xml/sub_sub_category.xml
   id        : 
   version   : 
   vqmver    : 
   author    : 

File Name    : catalog/controller/common/header.php(0)
VQModObject::applyMod - SEARCH NOT FOUND (ABORTING MOD): 'name'  => $child['name'] . ' (' . $product_total . ')',
----------------------------------------------------------------------


---------- Date: 2016-07-14 21:29:56 ~ IP : 93.76.236.238 ----------
REQUEST URI : /ru/
MOD DETAILS:
   modFile   : /home/candles/qs-ltd.com/ru/vqmod/xml/beop_all_clean_urls.xml
   id        : Clean Urls
   version   : 1.0.8
   vqmver    : 2.1
   author    : Werner van Run - beoptimized.nl

File Name    : catalog/controller/common/seo_url.php(0)
VQModObject::applyMod - SEARCH NOT FOUND (ABORTING MOD): $parts = explode('/', $this->request->get['_route_']);
MOD DETAILS:
   modFile   : /home/candles/qs-ltd.com/ru/vqmod/xml/sub_sub_category.xml
   id        : 
   version   : 
   vqmver    : 
   author    : 

File Name    : catalog/controller/common/header.php(0)
VQModObject::applyMod - SEARCH NOT FOUND (ABORTING MOD): 'name'  => $child['name'] . ' (' . $product_total . ')',
----------------------------------------------------------------------


---------- Date: 2016-07-14 21:30:00 ~ IP : 93.76.236.238 ----------
REQUEST URI : /ru/
MOD DETAILS:
   modFile   : /home/candles/qs-ltd.com/ru/vqmod/xml/sub_sub_category.xml
   id        : 
   version   : 
   vqmver    : 
   author    : 

File Name    : catalog/controller/common/header.php(0)
VQModObject::applyMod - SEARCH NOT FOUND (ABORTING MOD): 'name'  => $child['name'] . ' (' . $product_total . ')',
----------------------------------------------------------------------


---------- Date: 2016-07-14 21:30:44 ~ IP : 93.76.236.238 ----------
REQUEST URI : /ru/
MOD DETAILS:
   modFile   : /home/candles/qs-ltd.com/ru/vqmod/xml/beop_all_clean_urls.xml
   id        : Clean Urls
   version   : 1.0.8
   vqmver    : 2.1
   author    : Werner van Run - beoptimized.nl

File Name    : catalog/controller/common/seo_url.php(0)
VQModObject::applyMod - SEARCH NOT FOUND (ABORTING MOD): $parts = explode('/', $this->request->get['_route_']);
MOD DETAILS:
   modFile   : /home/candles/qs-ltd.com/ru/vqmod/xml/sub_sub_category.xml
   id        : 
   version   : 
   vqmver    : 
   author    : 

File Name    : catalog/controller/common/header.php(0)
VQModObject::applyMod - SEARCH NOT FOUND (ABORTING MOD): 'name'  => $child['name'] . ' (' . $product_total . ')',
----------------------------------------------------------------------


---------- Date: 2016-07-14 21:31:03 ~ IP : 93.76.236.238 ----------
REQUEST URI : /ru/ndt/
MOD DETAILS:
   modFile   : /home/candles/qs-ltd.com/ru/vqmod/xml/sub_sub_category.xml
   id        : 
   version   : 
   vqmver    : 
   author    : 

File Name    : catalog/controller/product/category.php(0)
VQModObject::applyMod - SEARCH NOT FOUND (ABORTING MOD): 'name'  => $result['name'] . ' (' . $product_total . ')',
----------------------------------------------------------------------


---------- Date: 2016-07-14 21:31:36 ~ IP : 93.76.236.238 ----------
REQUEST URI : /ru/ndt/
MOD DETAILS:
   modFile   : /home/candles/qs-ltd.com/ru/vqmod/xml/sub_sub_category.xml
   id        : 
   version   : 
   vqmver    : 
   author    : 

File Name    : catalog/controller/module/category.php(0)
VQModObject::applyMod - SEARCH NOT FOUND (ABORTING MOD): 'name'        => $category['name'] . ' (' . $product_total . ')',
----------------------------------------------------------------------


---------- Date: 2016-07-14 21:31:44 ~ IP : 93.76.236.238 ----------
REQUEST URI : /ru/ndt/
MOD DETAILS:
   modFile   : /home/candles/qs-ltd.com/ru/vqmod/xml/sub_sub_category.xml
   id        : 
   version   : 
   vqmver    : 
   author    : 

File Name    : catalog/controller/module/category.php(0)
VQModObject::applyMod - SEARCH NOT FOUND (ABORTING MOD): 'name'        => $category['name'] . ' (' . $product_total . ')',
----------------------------------------------------------------------


---------- Date: 2016-07-14 21:35:22 ~ IP : 93.76.236.238 ----------
REQUEST URI : /ru/ndt/
MOD DETAILS:
   modFile   : /home/candles/qs-ltd.com/ru/vqmod/xml/beop_all_clean_urls.xml
   id        : Clean Urls
   version   : 1.0.8
   vqmver    : 2.1
   author    : Werner van Run - beoptimized.nl

File Name    : catalog/controller/common/seo_url.php(0)
VQModObject::applyMod - SEARCH NOT FOUND (ABORTING MOD): $parts = explode('/', $this->request->get['_route_']);
MOD DETAILS:
   modFile   : /home/candles/qs-ltd.com/ru/vqmod/xml/sub_sub_category.xml
   id        : 
   version   : 
   vqmver    : 
   author    : 

File Name    : catalog/controller/product/category.php(0)
VQModObject::applyMod - SEARCH NOT FOUND (ABORTING MOD): 'name'  => $result['name'] . ' (' . $product_total . ')',
----------------------------------------------------------------------


---------- Date: 2016-07-14 21:35:27 ~ IP : 93.76.236.238 ----------
REQUEST URI : /ru/ndt/penetrant-testing/
MOD DETAILS:
   modFile   : /home/candles/qs-ltd.com/ru/vqmod/xml/sub_sub_category.xml
   id        : 
   version   : 
   vqmver    : 
   author    : 

File Name    : catalog/controller/module/category.php(0)
VQModObject::applyMod - SEARCH NOT FOUND (ABORTING MOD): 'name'        => $category['name'] . ' (' . $product_total . ')',
----------------------------------------------------------------------


---------- Date: 2016-07-14 21:37:57 ~ IP : 93.76.236.238 ----------
REQUEST URI : /ru/ndt/penetrant-testing/
MOD DETAILS:
   modFile   : /home/candles/qs-ltd.com/ru/vqmod/xml/sub_sub_category.xml
   id        : 
   version   : 
   vqmver    : 
   author    : 

File Name    : catalog/controller/module/category.php(0)
VQModObject::applyMod - SEARCH NOT FOUND (ABORTING MOD): 'name'        => $category['name'] . ' (' . $product_total . ')',
----------------------------------------------------------------------


---------- Date: 2016-07-14 21:39:22 ~ IP : 93.76.236.238 ----------
REQUEST URI : /ru/ndt/penetrant-testing/
MOD DETAILS:
   modFile   : /home/candles/qs-ltd.com/ru/vqmod/xml/beop_all_clean_urls.xml
   id        : Clean Urls
   version   : 1.0.8
   vqmver    : 2.1
   author    : Werner van Run - beoptimized.nl

File Name    : catalog/controller/common/seo_url.php(0)
VQModObject::applyMod - SEARCH NOT FOUND (ABORTING MOD): $parts = explode('/', $this->request->get['_route_']);
MOD DETAILS:
   modFile   : /home/candles/qs-ltd.com/ru/vqmod/xml/sub_sub_category.xml
   id        : 
   version   : 
   vqmver    : 
   author    : 

File Name    : catalog/controller/product/category.php(0)
VQModObject::applyMod - SEARCH NOT FOUND (ABORTING MOD): 'name'  => $result['name'] . ' (' . $product_total . ')',
----------------------------------------------------------------------


---------- Date: 2016-07-14 21:44:17 ~ IP : 109.229.203.156 ----------
REQUEST URI : /ndt/penetrant-testing/nord-test/kontrastrot-u88-penetrant-(500-ml)/
MOD DETAILS:
   modFile   : /home/candles/qs-ltd.com/ru/vqmod/xml/sub_sub_category.xml
   id        : 
   version   : 
   vqmver    : 
   author    : 

File Name    : catalog/controller/module/category.php(0)
VQModObject::applyMod - SEARCH NOT FOUND (ABORTING MOD): 'name'        => $category['name'] . ' (' . $product_total . ')',
----------------------------------------------------------------------


---------- Date: 2016-07-14 21:44:52 ~ IP : 109.229.203.156 ----------
REQUEST URI : /ndt/penetrant-testing/nord-test/kontrastrot-u88-penetrant-(500-ml)/
MOD DETAILS:
   modFile   : /home/candles/qs-ltd.com/ru/vqmod/xml/sub_sub_category.xml
   id        : 
   version   : 
   vqmver    : 
   author    : 

File Name    : catalog/controller/module/category.php(0)
VQModObject::applyMod - SEARCH NOT FOUND (ABORTING MOD): 'name'        => $category['name'] . ' (' . $product_total . ')',
----------------------------------------------------------------------


---------- Date: 2016-07-14 21:47:23 ~ IP : 93.76.236.238 ----------
REQUEST URI : /ru/ndt/penetrant-testing/
MOD DETAILS:
   modFile   : /home/candles/qs-ltd.com/ru/vqmod/xml/sub_sub_category.xml
   id        : 
   version   : 
   vqmver    : 
   author    : 

File Name    : catalog/controller/module/category.php(0)
VQModObject::applyMod - SEARCH NOT FOUND (ABORTING MOD): 'name'        => $category['name'] . ' (' . $product_total . ')',
----------------------------------------------------------------------


---------- Date: 2016-07-14 21:47:55 ~ IP : 93.76.236.238 ----------
REQUEST URI : /information/contact/
MOD DETAILS:
   modFile   : /home/candles/qs-ltd.com/ru/vqmod/xml/sub_sub_category.xml
   id        : 
   version   : 
   vqmver    : 
   author    : 

File Name    : catalog/controller/common/header.php(0)
VQModObject::applyMod - SEARCH NOT FOUND (ABORTING MOD): 'name'  => $child['name'] . ' (' . $product_total . ')',
MOD DETAILS:
   modFile   : /home/candles/qs-ltd.com/ru/vqmod/xml/vqmod_remove_address_tel_contact_us.xml
   id        : vqmod remove address tel contact us
   version   : 1.5.5.1
   vqmver    : 2.3.2
   author    : Randy Hasson

File Name    : catalog/view/theme/acceptus/template/information/contact.tpl(0)
VQModObject::applyMod - SEARCH NOT FOUND (ABORTING MOD): <h2><?php echo $text_location;

----------------------------------------------------------------------


---------- Date: 2016-07-14 21:47:58 ~ IP : 93.76.236.238 ----------
REQUEST URI : /ru/
MOD DETAILS:
   modFile   : /home/candles/qs-ltd.com/ru/vqmod/xml/sub_sub_category.xml
   id        : 
   version   : 
   vqmver    : 
   author    : 

File Name    : catalog/controller/common/header.php(0)
VQModObject::applyMod - SEARCH NOT FOUND (ABORTING MOD): 'name'  => $child['name'] . ' (' . $product_total . ')',
----------------------------------------------------------------------


---------- Date: 2016-07-14 21:54:35 ~ IP : 93.76.236.238 ----------
REQUEST URI : /ru/
MOD DETAILS:
   modFile   : /home/candles/qs-ltd.com/ru/vqmod/xml/sub_sub_category.xml
   id        : 
   version   : 
   vqmver    : 
   author    : 

File Name    : catalog/controller/common/header.php(0)
VQModObject::applyMod - SEARCH NOT FOUND (ABORTING MOD): 'name'  => $child['name'] . ' (' . $product_total . ')',
----------------------------------------------------------------------


---------- Date: 2016-07-14 21:54:50 ~ IP : 93.76.236.238 ----------
REQUEST URI : /ru/ndt/
MOD DETAILS:
   modFile   : /home/candles/qs-ltd.com/ru/vqmod/xml/sub_sub_category.xml
   id        : 
   version   : 
   vqmver    : 
   author    : 

File Name    : catalog/controller/module/category.php(0)
VQModObject::applyMod - SEARCH NOT FOUND (ABORTING MOD): 'name'        => $category['name'] . ' (' . $product_total . ')',
----------------------------------------------------------------------


---------- Date: 2016-07-14 21:57:49 ~ IP : 93.76.236.238 ----------
REQUEST URI : /ru/ndt/
MOD DETAILS:
   modFile   : /home/candles/qs-ltd.com/ru/vqmod/xml/sub_sub_category.xml
   id        : 
   version   : 
   vqmver    : 
   author    : 

File Name    : catalog/controller/module/category.php(0)
VQModObject::applyMod - SEARCH NOT FOUND (ABORTING MOD): 'name'        => $category['name'] . ' (' . $product_total . ')',
----------------------------------------------------------------------


---------- Date: 2016-07-14 21:59:19 ~ IP : 93.76.236.238 ----------
REQUEST URI : /ru/ndt/
MOD DETAILS:
   modFile   : /home/candles/qs-ltd.com/ru/vqmod/xml/beop_all_clean_urls.xml
   id        : Clean Urls
   version   : 1.0.8
   vqmver    : 2.1
   author    : Werner van Run - beoptimized.nl

File Name    : catalog/controller/common/seo_url.php(0)
VQModObject::applyMod - SEARCH NOT FOUND (ABORTING MOD): $parts = explode('/', $this->request->get['_route_']);
MOD DETAILS:
   modFile   : /home/candles/qs-ltd.com/ru/vqmod/xml/sub_sub_category.xml
   id        : 
   version   : 
   vqmver    : 
   author    : 

File Name    : catalog/controller/product/category.php(0)
VQModObject::applyMod - SEARCH NOT FOUND (ABORTING MOD): 'name'  => $result['name'] . ' (' . $product_total . ')',
----------------------------------------------------------------------


---------- Date: 2016-07-14 22:02:14 ~ IP : 93.76.236.238 ----------
REQUEST URI : /ru/ndt/
MOD DETAILS:
   modFile   : /home/candles/qs-ltd.com/ru/vqmod/xml/sub_sub_category.xml
   id        : 
   version   : 
   vqmver    : 
   author    : 

File Name    : catalog/controller/module/category.php(0)
VQModObject::applyMod - SEARCH NOT FOUND (ABORTING MOD): 'name'        => $category['name'] . ' (' . $product_total . ')',
----------------------------------------------------------------------


---------- Date: 2016-07-14 22:02:18 ~ IP : 93.76.236.238 ----------
REQUEST URI : /ru/
MOD DETAILS:
   modFile   : /home/candles/qs-ltd.com/ru/vqmod/xml/sub_sub_category.xml
   id        : 
   version   : 
   vqmver    : 
   author    : 

File Name    : catalog/controller/common/header.php(0)
VQModObject::applyMod - SEARCH NOT FOUND (ABORTING MOD): 'name'  => $child['name'] . ' (' . $product_total . ')',
----------------------------------------------------------------------


---------- Date: 2016-07-14 22:02:22 ~ IP : 93.76.236.238 ----------
REQUEST URI : /ru/ndt/
MOD DETAILS:
   modFile   : /home/candles/qs-ltd.com/ru/vqmod/xml/sub_sub_category.xml
   id        : 
   version   : 
   vqmver    : 
   author    : 

File Name    : catalog/controller/module/category.php(0)
VQModObject::applyMod - SEARCH NOT FOUND (ABORTING MOD): 'name'        => $category['name'] . ' (' . $product_total . ')',
----------------------------------------------------------------------


---------- Date: 2016-07-14 22:04:38 ~ IP : 93.76.236.238 ----------
REQUEST URI : /ru/ndt/
MOD DETAILS:
   modFile   : /home/candles/qs-ltd.com/ru/vqmod/xml/sub_sub_category.xml
   id        : 
   version   : 
   vqmver    : 
   author    : 

File Name    : catalog/controller/module/category.php(0)
VQModObject::applyMod - SEARCH NOT FOUND (ABORTING MOD): 'name'        => $category['name'] . ' (' . $product_total . ')',
----------------------------------------------------------------------


---------- Date: 2016-07-14 22:04:43 ~ IP : 93.76.236.238 ----------
REQUEST URI : /ru/ndt/
MOD DETAILS:
   modFile   : /home/candles/qs-ltd.com/ru/vqmod/xml/sub_sub_category.xml
   id        : 
   version   : 
   vqmver    : 
   author    : 

File Name    : catalog/controller/module/category.php(0)
VQModObject::applyMod - SEARCH NOT FOUND (ABORTING MOD): 'name'        => $category['name'] . ' (' . $product_total . ')',
----------------------------------------------------------------------


---------- Date: 2016-07-14 22:04:46 ~ IP : 93.76.236.238 ----------
REQUEST URI : /ru/
MOD DETAILS:
   modFile   : /home/candles/qs-ltd.com/ru/vqmod/xml/sub_sub_category.xml
   id        : 
   version   : 
   vqmver    : 
   author    : 

File Name    : catalog/controller/common/header.php(0)
VQModObject::applyMod - SEARCH NOT FOUND (ABORTING MOD): 'name'  => $child['name'] . ' (' . $product_total . ')',
----------------------------------------------------------------------


---------- Date: 2016-07-14 22:04:59 ~ IP : 93.76.236.238 ----------
REQUEST URI : /about-us/
MOD DETAILS:
   modFile   : /home/candles/qs-ltd.com/ru/vqmod/xml/sub_sub_category.xml
   id        : 
   version   : 
   vqmver    : 
   author    : 

File Name    : catalog/controller/common/header.php(0)
VQModObject::applyMod - SEARCH NOT FOUND (ABORTING MOD): 'name'  => $child['name'] . ' (' . $product_total . ')',
----------------------------------------------------------------------


---------- Date: 2016-07-14 22:05:03 ~ IP : 93.76.236.238 ----------
REQUEST URI : /ru/ndt/ultrasonic-testing/
MOD DETAILS:
   modFile   : /home/candles/qs-ltd.com/ru/vqmod/xml/sub_sub_category.xml
   id        : 
   version   : 
   vqmver    : 
   author    : 

File Name    : catalog/controller/module/category.php(0)
VQModObject::applyMod - SEARCH NOT FOUND (ABORTING MOD): 'name'        => $category['name'] . ' (' . $product_total . ')',
----------------------------------------------------------------------


---------- Date: 2016-07-14 22:08:22 ~ IP : 93.76.236.238 ----------
REQUEST URI : /ru/ndt/ultrasonic-testing/
MOD DETAILS:
   modFile   : /home/candles/qs-ltd.com/ru/vqmod/xml/sub_sub_category.xml
   id        : 
   version   : 
   vqmver    : 
   author    : 

File Name    : catalog/controller/module/category.php(0)
VQModObject::applyMod - SEARCH NOT FOUND (ABORTING MOD): 'name'        => $category['name'] . ' (' . $product_total . ')',
----------------------------------------------------------------------


---------- Date: 2016-07-14 22:18:46 ~ IP : 93.76.236.238 ----------
REQUEST URI : /ru/ndt/ultrasonic-testing/
MOD DETAILS:
   modFile   : /home/candles/qs-ltd.com/ru/vqmod/xml/sub_sub_category.xml
   id        : 
   version   : 
   vqmver    : 
   author    : 

File Name    : catalog/controller/module/category.php(0)
VQModObject::applyMod - SEARCH NOT FOUND (ABORTING MOD): 'name'        => $category['name'] . ' (' . $product_total . ')',
----------------------------------------------------------------------


